Top Window title is TextTest dynamic GUI (tests started at 12Jan16:04:52)
Default widget is <type 'gtk.TreeView'>
Setting window width to 60% of screen.
Setting window height to 83% of screen.

Viewing toggle action with title '_Toolbar'
Viewing toggle action with title '_Shortcut bar'
Viewing toggle action with title '_Status bar'
Viewing action with title '_Quit', stock id ''gtk-quit'', accelerator ''<control>q''
Viewing action with title '_Save', stock id ''gtk-save'', accelerator ''<control>s'' (greyed out)

UI layout: 
<ui>
  <menubar name="MainMenuBar">
    <menu name="filemenu" action="filemenu">
      <menuitem name="Save" action="Save"/>
      <separator/>
      <menuitem name="Quit" action="Quit"/>
    </menu>
    <menu name="viewmenu" action="viewmenu">
      <menuitem name="Toolbar" action="Toolbar"/>
      <menuitem name="Shortcut bar" action="Shortcut bar"/>
      <menuitem name="Status bar" action="Status bar"/>
    </menu>
  </menubar>
  <toolbar name="MainToolBar">
    <toolitem name="Quit" action="Quit"/>
    <toolitem name="Save" action="Save"/>
    <separator/>
  </toolbar>
  <popup name="TestPopupMenu">
  </popup>
</ui>

Progress bar set to fraction 0.0, text '0 of 1 tests completed'

Test Tree description...
-> TargetApp (hello)
->   test1

Test column header set to 'Tests: 0/1 selected, none hidden'

Pane separator positioned 50% from the left edge

Tabs showing : Selection

Tabs showing : Select Tests

Test progress:
--> Not started : 1, colour 'white', font 'bold'

Changing GUI status to: 'TextTest started at 12Jan16:04:52.'

Waiting for application event 'completion of test actions' to occur.
Redrawing test test1 coloured yellow

Test progress:
--> Not started : 0, colour 'white', font ''
--> Running : 1, colour 'yellow', font 'bold'
Redrawing test test1 coloured red
(Second column 'output different(+)' coloured red)

Progress bar set to fraction 1.0, text 'All 1 tests completed at 12Jan16:04:53 (1 tests failed)'

Test progress:
--> Not started : 0, colour 'white', font ''
--> Running : 0, colour 'white', font ''
--> Failed : 1, colour 'red', font 'bold'
----> Differences : 1, colour 'red', font 'bold'
------> output different : 1, colour 'red', font 'bold'
------> errors new : 1, colour 'red', font 'bold'
Expected application event 'completion of test actions' occurred, proceeding.

'set test selection to' event created with arguments 'test1'

Test column header set to 'Tests: All 1 selected, none hidden'
Setting sensitivity of action '_Save' to True
WARNING: Failed to decode string 'Test FAILED :
------------------ Differences in output --------------------
2,3d1
< 
< By the way, åäöÅÄÖ.
------------------ New result in errors --------------------
' using default locale encoding 'utf'. Trying strict UTF-8 encoding ...
WARNING: Failed to decode string 'Test FAILED :
------------------ Differences in output --------------------
2,3d1
< 
< By the way, åäöÅÄÖ.
------------------ New result in errors --------------------
' both using strict UTF-8 and 'utf' encodings.
Reverting to non-strict UTF-8 encoding but replacing problematic
characters with the Unicode replacement character, U+FFFD.

Setting file-view title to 'test1'
Adding file output.hello under heading 'Comparison Files', coloured red
Adding file errors.hello under heading 'New Files', coloured red

Viewing action with title '_Update Info' (greyed out)

Tabs showing : Text Info, Viewing, Saving

---------- Text Info Window ----------
Test FAILED :
------------------ Differences in output --------------------
2,3d1
< 
< By the way, ï¿½ï¿½ï¿½
------------------ New result in errors --------------------
--------------------------------------

Tabs showing : Test, Selection

'quit' event created with arguments ''
